<?xml version="1.0" encoding="UTF-8"?>
<testsuite name="com.umc.ttg.domain.store.repository.StoreRepositoryTest" tests="6" skipped="0" failures="0" errors="0" timestamp="2024-11-02T11:27:40" hostname="onam-uiui-MacBookAir.local" time="0.063">
  <properties/>
  <testcase name="findByMenu_로_상점_데이터를_찾을_수_있다()" classname="com.umc.ttg.domain.store.repository.StoreRepositoryTest" time="0.011"/>
  <testcase name="findByTitleContainingOrNameContaining_로_제목과_이름이_포함된_상점을_찾을_수_있다()" classname="com.umc.ttg.domain.store.repository.StoreRepositoryTest" time="0.011"/>
  <testcase name="findByTitleContainingOrNameContaining_는_띄어쓰기_상관없이_검색을_통해_상점을_똑같이_찾을_수_있다()" classname="com.umc.ttg.domain.store.repository.StoreRepositoryTest" time="0.004"/>
  <testcase name="findByRegion_는_지역에_해당하는_데이터가_없으면_빈_리스트를_반환한다()" classname="com.umc.ttg.domain.store.repository.StoreRepositoryTest" time="0.006"/>
  <testcase name="findByMenu_는_알맞은_상점_데이터가_없으면_빈_리스트를_반환한다()" classname="com.umc.ttg.domain.store.repository.StoreRepositoryTest" time="0.021"/>
  <testcase name="findByRegion_로_지역별_상점_데이터를_가져올_수_있다()" classname="com.umc.ttg.domain.store.repository.StoreRepositoryTest" time="0.006"/>
  <system-out><![CDATA[2024-11-02T20:27:40.790+09:00  INFO 80713 --- [    Test worker] t.c.s.AnnotationConfigContextLoaderUtils : Could not detect default configuration classes for test class [com.umc.ttg.domain.store.repository.StoreRepositoryTest]: StoreRepositoryTest does not declare any static, non-private, non-final, nested classes annotated with @Configuration.
2024-11-02T20:27:40.799+09:00  INFO 80713 --- [    Test worker] .b.t.c.SpringBootTestContextBootstrapper : Found @SpringBootConfiguration com.umc.ttg.TtgApplication for test class com.umc.ttg.domain.store.repository.StoreRepositoryTest
Hibernate: 
    select
        me1_0.id,
        me1_0.name 
    from
        menu me1_0 
    where
        me1_0.id=?
Hibernate: 
    select
        se1_0.id,
        se1_0.address,
        se1_0.created_at,
        se1_0.hot_yn,
        se1_0.image,
        se1_0.menu_id,
        se1_0.modify_at,
        se1_0.name,
        se1_0.place_info,
        se1_0.region_id,
        se1_0.review_count,
        se1_0.review_span,
        se1_0.sale_info,
        se1_0.service_info,
        se1_0.spon_info,
        se1_0.sub_title,
        se1_0.title,
        se1_0.use_info 
    from
        store se1_0 
    where
        se1_0.menu_id=?
Hibernate: 
    select
        se1_0.id,
        se1_0.address,
        se1_0.created_at,
        se1_0.hot_yn,
        se1_0.image,
        se1_0.menu_id,
        se1_0.modify_at,
        se1_0.name,
        se1_0.place_info,
        se1_0.region_id,
        se1_0.review_count,
        se1_0.review_span,
        se1_0.sale_info,
        se1_0.service_info,
        se1_0.spon_info,
        se1_0.sub_title,
        se1_0.title,
        se1_0.use_info 
    from
        store se1_0 
    where
        se1_0.title like ? escape '\' 
        or se1_0.name like ? escape '\'
Hibernate: 
    select
        re1_0.id,
        re1_0.name,
        re1_0.upper_id 
    from
        region re1_0 
    where
        re1_0.id=?
Hibernate: 
    select
        se1_0.id,
        se1_0.address,
        se1_0.created_at,
        se1_0.hot_yn,
        se1_0.image,
        se1_0.menu_id,
        se1_0.modify_at,
        se1_0.name,
        se1_0.place_info,
        se1_0.region_id,
        se1_0.review_count,
        se1_0.review_span,
        se1_0.sale_info,
        se1_0.service_info,
        se1_0.spon_info,
        se1_0.sub_title,
        se1_0.title,
        se1_0.use_info 
    from
        store se1_0 
    where
        se1_0.region_id=?
Hibernate: 
    select
        me1_0.id,
        me1_0.name 
    from
        menu me1_0 
    where
        me1_0.id=?
Hibernate: 
    select
        se1_0.id,
        se1_0.address,
        se1_0.created_at,
        se1_0.hot_yn,
        se1_0.image,
        se1_0.menu_id,
        se1_0.modify_at,
        se1_0.name,
        se1_0.place_info,
        se1_0.region_id,
        se1_0.review_count,
        se1_0.review_span,
        se1_0.sale_info,
        se1_0.service_info,
        se1_0.spon_info,
        se1_0.sub_title,
        se1_0.title,
        se1_0.use_info 
    from
        store se1_0 
    where
        se1_0.menu_id=?
Hibernate: 
    select
        re1_0.id,
        re1_0.name,
        re1_0.upper_id 
    from
        region re1_0 
    where
        re1_0.id=?
Hibernate: 
    select
        se1_0.id,
        se1_0.address,
        se1_0.created_at,
        se1_0.hot_yn,
        se1_0.image,
        se1_0.menu_id,
        se1_0.modify_at,
        se1_0.name,
        se1_0.place_info,
        se1_0.region_id,
        se1_0.review_count,
        se1_0.review_span,
        se1_0.sale_info,
        se1_0.service_info,
        se1_0.spon_info,
        se1_0.sub_title,
        se1_0.title,
        se1_0.use_info 
    from
        store se1_0 
    where
        se1_0.region_id=?
]]></system-out>
  <system-err><![CDATA[]]></system-err>
</testsuite>
