<?xml version="1.0" encoding="UTF-8"?>
<testsuite name="com.umc.ttg.domain.coupon.repository.CouponRepositoryTest" tests="6" skipped="0" failures="0" errors="0" timestamp="2024-11-02T11:27:40" hostname="onam-uiui-MacBookAir.local" time="0.384">
  <properties/>
  <testcase name="findAllByMemberIdAndStoreId_는_데이터가_없으면_빈_리스트를_내려준다()" classname="com.umc.ttg.domain.coupon.repository.CouponRepositoryTest" time="0.342"/>
  <testcase name="findAllByMemberId_로_쿠폰_데이터를_찾아올_수_있다()" classname="com.umc.ttg.domain.coupon.repository.CouponRepositoryTest" time="0.014"/>
  <testcase name="findAllByMemberId_로_쿠폰_데이터를_찾아올_때_값이_없으면_빈_리스트를_반환한다()" classname="com.umc.ttg.domain.coupon.repository.CouponRepositoryTest" time="0.006"/>
  <testcase name="findByIdAndMemberId_로_쿠폰_데이터를_찾아올_수_있다()" classname="com.umc.ttg.domain.coupon.repository.CouponRepositoryTest" time="0.007"/>
  <testcase name="findAllByMemberIdAndStoreId_로_쿠폰_데이터를_찾아올_수_있다()" classname="com.umc.ttg.domain.coupon.repository.CouponRepositoryTest" time="0.005"/>
  <testcase name="findByIdAndMemberId_로_쿠폰_데이터를_찾아올_때_결과가_없으면_Optional_emtpy_를_내려준다()" classname="com.umc.ttg.domain.coupon.repository.CouponRepositoryTest" time="0.008"/>
  <system-out><![CDATA[2024-11-02T20:27:39.922+09:00  INFO 80713 --- [    Test worker] t.c.s.AnnotationConfigContextLoaderUtils : Could not detect default configuration classes for test class [com.umc.ttg.domain.coupon.repository.CouponRepositoryTest]: CouponRepositoryTest does not declare any static, non-private, non-final, nested classes annotated with @Configuration.
2024-11-02T20:27:39.937+09:00  INFO 80713 --- [    Test worker] .b.t.c.SpringBootTestContextBootstrapper : Found @SpringBootConfiguration com.umc.ttg.TtgApplication for test class com.umc.ttg.domain.coupon.repository.CouponRepositoryTest

  .   ____          _            __ _ _
 /\\ / ___'_ __ _ _(_)_ __  __ _ \ \ \ \
( ( )\___ | '_ | '_| | '_ \/ _` | \ \ \ \
 \\/  ___)| |_)| | | | | || (_| |  ) ) ) )
  '  |____| .__|_| |_|_| |_\__, | / / / /
 =========|_|==============|___/=/_/_/_/
 :: Spring Boot ::                (v3.2.1)

2024-11-02T20:27:39.957+09:00  INFO 80713 --- [    Test worker] c.u.t.d.c.r.CouponRepositoryTest         : Starting CouponRepositoryTest using Java 17.0.12 with PID 80713 (started by onam-ui in /Users/onam-ui/Desktop/Project/2024/ttottoga-BE-refactoring)
2024-11-02T20:27:39.958+09:00  INFO 80713 --- [    Test worker] c.u.t.d.c.r.CouponRepositoryTest         : The following 2 profiles are active: "h2", "localfile"
2024-11-02T20:27:39.997+09:00  INFO 80713 --- [    Test worker] .s.d.r.c.RepositoryConfigurationDelegate : Bootstrapping Spring Data JPA repositories in DEFAULT mode.
2024-11-02T20:27:40.007+09:00  INFO 80713 --- [    Test worker] .s.d.r.c.RepositoryConfigurationDelegate : Finished Spring Data repository scanning in 9 ms. Found 7 JPA repository interfaces.
2024-11-02T20:27:40.014+09:00  INFO 80713 --- [    Test worker] beddedDataSourceBeanFactoryPostProcessor : Replacing 'dataSource' DataSource bean with embedded version
2024-11-02T20:27:40.030+09:00  INFO 80713 --- [    Test worker] o.s.j.d.e.EmbeddedDatabaseFactory        : Starting embedded database: url='jdbc:h2:mem:f698199e-a65e-46f7-986b-b289b6d1ef75;DB_CLOSE_DELAY=-1;DB_CLOSE_ON_EXIT=false', username='sa'
2024-11-02T20:27:40.056+09:00  INFO 80713 --- [    Test worker] o.hibernate.jpa.internal.util.LogHelper  : HHH000204: Processing PersistenceUnitInfo [name: default]
2024-11-02T20:27:40.058+09:00  INFO 80713 --- [    Test worker] o.h.c.internal.RegionFactoryInitiator    : HHH000026: Second-level cache disabled
2024-11-02T20:27:40.059+09:00  INFO 80713 --- [    Test worker] o.s.o.j.p.SpringPersistenceUnitInfo      : No LoadTimeWeaver setup: ignoring JPA class transformer
2024-11-02T20:27:40.060+09:00  WARN 80713 --- [    Test worker] org.hibernate.orm.deprecation            : HHH90000025: H2Dialect does not need to be specified explicitly using 'hibernate.dialect' (remove the property setting and it will be selected by default)
2024-11-02T20:27:40.114+09:00  INFO 80713 --- [    Test worker] o.h.e.t.j.p.i.JtaPlatformInitiator       : HHH000489: No JTA platform available (set 'hibernate.transaction.jta.platform' to enable JTA platform integration)
Hibernate: 
    drop table if exists coupon cascade 
Hibernate: 
    drop table if exists heart_store cascade 
Hibernate: 
    drop table if exists member cascade 
Hibernate: 
    drop table if exists menu cascade 
Hibernate: 
    drop table if exists region cascade 
Hibernate: 
    drop table if exists review cascade 
Hibernate: 
    drop table if exists store cascade 
Hibernate: 
    create table coupon (
        end_date date not null,
        start_date date not null,
        status_yn char(1) default 'N' not null,
        created_at TIMESTAMP DEFAULT CURRENT_TIMESTAMP not null,
        id bigint generated by default as identity,
        member_id bigint not null,
        modify_at timestamp(6),
        store_id bigint not null,
        name varchar(50) not null,
        content varchar(100) not null,
        image_url varchar(255),
        qr_code varchar(255),
        primary key (id)
    )
Hibernate: 
    create table heart_store (
        id bigint generated by default as identity,
        member_id bigint,
        store_id bigint,
        primary key (id)
    )
Hibernate: 
    create table member (
        benefit_count integer not null,
        created_at TIMESTAMP DEFAULT CURRENT_TIMESTAMP not null,
        id bigint generated by default as identity,
        modify_at timestamp(6),
        phone_num varchar(15),
        nickname varchar(20) not null,
        name varchar(100) not null,
        password varchar(255) not null,
        profile_image varchar(255),
        role varchar(255) not null,
        type varchar(255) not null,
        primary key (id)
    )
Hibernate: 
    create table menu (
        id bigint generated by default as identity,
        name varchar(20) not null,
        primary key (id)
    )
Hibernate: 
    create table region (
        id bigint generated by default as identity,
        upper_id bigint,
        name varchar(10) not null,
        primary key (id)
    )
Hibernate: 
    create table review (
        apply_date date not null,
        created_at TIMESTAMP DEFAULT CURRENT_TIMESTAMP not null,
        id bigint generated by default as identity,
        member_id bigint,
        modify_at timestamp(6),
        store_id bigint,
        reason varchar(255),
        review_link varchar(255) not null,
        status varchar(255) not null check (status in ('SUBSCRIPTION','SCREENING','SUCCESS','FAIL')),
        primary key (id)
    )
Hibernate: 
    create table store (
        hot_yn char(1) default 'n' not null,
        review_count integer not null,
        review_span integer not null,
        created_at TIMESTAMP DEFAULT CURRENT_TIMESTAMP not null,
        id bigint generated by default as identity,
        menu_id bigint,
        modify_at timestamp(6),
        region_id bigint,
        name varchar(50) not null,
        title varchar(50) not null,
        sub_title varchar(100) not null,
        address varchar(255) not null,
        image varchar(255),
        place_info varchar(255),
        sale_info varchar(255),
        service_info varchar(255),
        spon_info varchar(255),
        use_info varchar(255),
        primary key (id)
    )
Hibernate: 
    alter table if exists coupon 
       add constraint FK97ly69kp7juvoienofq00qaph 
       foreign key (member_id) 
       references member
Hibernate: 
    alter table if exists coupon 
       add constraint FKs7yl3mm1m0o7fmn6et7guwo89 
       foreign key (store_id) 
       references store
Hibernate: 
    alter table if exists heart_store 
       add constraint FKl52t080k9nit0j3jofrgexmjd 
       foreign key (member_id) 
       references member
Hibernate: 
    alter table if exists heart_store 
       add constraint FKq376dt536pg6sdanaxjidaons 
       foreign key (store_id) 
       references store
Hibernate: 
    alter table if exists review 
       add constraint FKk0ccx5i4ci2wd70vegug074w1 
       foreign key (member_id) 
       references member
Hibernate: 
    alter table if exists review 
       add constraint FK74d12ba8sxxu9vpnc59b43y30 
       foreign key (store_id) 
       references store
Hibernate: 
    alter table if exists store 
       add constraint FKf166ddwi0pngr3lwrkskhu9au 
       foreign key (menu_id) 
       references menu
Hibernate: 
    alter table if exists store 
       add constraint FKiecbc1b9m21semcf714lasyi5 
       foreign key (region_id) 
       references region
2024-11-02T20:27:40.128+09:00  INFO 80713 --- [    Test worker] j.LocalContainerEntityManagerFactoryBean : Initialized JPA EntityManagerFactory for persistence unit 'default'
2024-11-02T20:27:40.260+09:00  INFO 80713 --- [    Test worker] c.u.t.d.c.r.CouponRepositoryTest         : Started CouponRepositoryTest in 0.314 seconds (process running for 2.098)
Hibernate: 
    select
        ce1_0.id,
        ce1_0.content,
        ce1_0.created_at,
        ce1_0.end_date,
        ce1_0.image_url,
        ce1_0.member_id,
        ce1_0.modify_at,
        ce1_0.name,
        ce1_0.qr_code,
        ce1_0.start_date,
        ce1_0.status_yn,
        ce1_0.store_id 
    from
        coupon ce1_0 
    left join
        member m1_0 
            on m1_0.id=ce1_0.member_id 
    left join
        store s1_0 
            on s1_0.id=ce1_0.store_id 
    where
        m1_0.id=? 
        and s1_0.id=?
Hibernate: 
    select
        ce1_0.id,
        ce1_0.content,
        ce1_0.created_at,
        ce1_0.end_date,
        ce1_0.image_url,
        ce1_0.member_id,
        ce1_0.modify_at,
        ce1_0.name,
        ce1_0.qr_code,
        ce1_0.start_date,
        ce1_0.status_yn,
        ce1_0.store_id 
    from
        coupon ce1_0 
    left join
        member m1_0 
            on m1_0.id=ce1_0.member_id 
    where
        m1_0.id=?
Hibernate: 
    select
        ce1_0.id,
        ce1_0.content,
        ce1_0.created_at,
        ce1_0.end_date,
        ce1_0.image_url,
        ce1_0.member_id,
        ce1_0.modify_at,
        ce1_0.name,
        ce1_0.qr_code,
        ce1_0.start_date,
        ce1_0.status_yn,
        ce1_0.store_id 
    from
        coupon ce1_0 
    left join
        member m1_0 
            on m1_0.id=ce1_0.member_id 
    where
        m1_0.id=?
Hibernate: 
    select
        ce1_0.id,
        ce1_0.content,
        ce1_0.created_at,
        ce1_0.end_date,
        ce1_0.image_url,
        ce1_0.member_id,
        ce1_0.modify_at,
        ce1_0.name,
        ce1_0.qr_code,
        ce1_0.start_date,
        ce1_0.status_yn,
        ce1_0.store_id 
    from
        coupon ce1_0 
    left join
        member m1_0 
            on m1_0.id=ce1_0.member_id 
    where
        ce1_0.id=? 
        and m1_0.id=?
Hibernate: 
    select
        ce1_0.id,
        ce1_0.content,
        ce1_0.created_at,
        ce1_0.end_date,
        ce1_0.image_url,
        ce1_0.member_id,
        ce1_0.modify_at,
        ce1_0.name,
        ce1_0.qr_code,
        ce1_0.start_date,
        ce1_0.status_yn,
        ce1_0.store_id 
    from
        coupon ce1_0 
    left join
        member m1_0 
            on m1_0.id=ce1_0.member_id 
    left join
        store s1_0 
            on s1_0.id=ce1_0.store_id 
    where
        m1_0.id=? 
        and s1_0.id=?
Hibernate: 
    select
        ce1_0.id,
        ce1_0.content,
        ce1_0.created_at,
        ce1_0.end_date,
        ce1_0.image_url,
        ce1_0.member_id,
        ce1_0.modify_at,
        ce1_0.name,
        ce1_0.qr_code,
        ce1_0.start_date,
        ce1_0.status_yn,
        ce1_0.store_id 
    from
        coupon ce1_0 
    left join
        member m1_0 
            on m1_0.id=ce1_0.member_id 
    where
        ce1_0.id=? 
        and m1_0.id=?
]]></system-out>
  <system-err><![CDATA[]]></system-err>
</testsuite>
