<?xml version="1.0" encoding="UTF-8"?>
<testsuite name="com.umc.ttg.domain.store.repository.StoreRepositoryTest" tests="1" skipped="0" failures="0" errors="0" timestamp="2024-11-03T06:31:47" hostname="onam-uiui-MacBookAir.local" time="0.337">
  <properties/>
  <testcase name="findByTitleContainingOrNameContaining_은_검색어에_해당하는_상점이_없으면_빈_리스트를_반환한다()" classname="com.umc.ttg.domain.store.repository.StoreRepositoryTest" time="0.337"/>
  <system-out><![CDATA[15:31:46.427 [Test worker] INFO org.springframework.test.context.support.AnnotationConfigContextLoaderUtils -- Could not detect default configuration classes for test class [com.umc.ttg.domain.store.repository.StoreRepositoryTest]: StoreRepositoryTest does not declare any static, non-private, non-final, nested classes annotated with @Configuration.
15:31:46.492 [Test worker] INFO org.springframework.boot.test.context.SpringBootTestContextBootstrapper -- Found @SpringBootConfiguration com.umc.ttg.TtgApplication for test class com.umc.ttg.domain.store.repository.StoreRepositoryTest

  .   ____          _            __ _ _
 /\\ / ___'_ __ _ _(_)_ __  __ _ \ \ \ \
( ( )\___ | '_ | '_| | '_ \/ _` | \ \ \ \
 \\/  ___)| |_)| | | | | || (_| |  ) ) ) )
  '  |____| .__|_| |_|_| |_\__, | / / / /
 =========|_|==============|___/=/_/_/_/
 :: Spring Boot ::                (v3.2.1)

2024-11-03T15:31:46.627+09:00  INFO 88087 --- [    Test worker] c.u.t.d.s.r.StoreRepositoryTest          : Starting StoreRepositoryTest using Java 17.0.12 with PID 88087 (started by onam-ui in /Users/onam-ui/Desktop/Project/2024/ttottoga-BE-refactoring)
2024-11-03T15:31:46.628+09:00  INFO 88087 --- [    Test worker] c.u.t.d.s.r.StoreRepositoryTest          : The following 2 profiles are active: "h2", "localfile"
2024-11-03T15:31:46.787+09:00  INFO 88087 --- [    Test worker] .s.d.r.c.RepositoryConfigurationDelegate : Bootstrapping Spring Data JPA repositories in DEFAULT mode.
2024-11-03T15:31:46.817+09:00  INFO 88087 --- [    Test worker] .s.d.r.c.RepositoryConfigurationDelegate : Finished Spring Data repository scanning in 27 ms. Found 7 JPA repository interfaces.
2024-11-03T15:31:46.839+09:00  INFO 88087 --- [    Test worker] beddedDataSourceBeanFactoryPostProcessor : Replacing 'dataSource' DataSource bean with embedded version
2024-11-03T15:31:46.897+09:00  INFO 88087 --- [    Test worker] o.s.j.d.e.EmbeddedDatabaseFactory        : Starting embedded database: url='jdbc:h2:mem:76fafb73-22eb-49a3-88c6-be83b32b0302;DB_CLOSE_DELAY=-1;DB_CLOSE_ON_EXIT=false', username='sa'
2024-11-03T15:31:47.004+09:00  INFO 88087 --- [    Test worker] o.hibernate.jpa.internal.util.LogHelper  : HHH000204: Processing PersistenceUnitInfo [name: default]
2024-11-03T15:31:47.027+09:00  INFO 88087 --- [    Test worker] org.hibernate.Version                    : HHH000412: Hibernate ORM core version 6.4.1.Final
2024-11-03T15:31:47.040+09:00  INFO 88087 --- [    Test worker] o.h.c.internal.RegionFactoryInitiator    : HHH000026: Second-level cache disabled
2024-11-03T15:31:47.123+09:00  INFO 88087 --- [    Test worker] o.s.o.j.p.SpringPersistenceUnitInfo      : No LoadTimeWeaver setup: ignoring JPA class transformer
2024-11-03T15:31:47.141+09:00  WARN 88087 --- [    Test worker] org.hibernate.orm.deprecation            : HHH90000025: H2Dialect does not need to be specified explicitly using 'hibernate.dialect' (remove the property setting and it will be selected by default)
2024-11-03T15:31:47.503+09:00  INFO 88087 --- [    Test worker] o.h.e.t.j.p.i.JtaPlatformInitiator       : HHH000489: No JTA platform available (set 'hibernate.transaction.jta.platform' to enable JTA platform integration)
Hibernate: 
    drop table if exists coupon cascade 
Hibernate: 
    drop table if exists heart_store cascade 
Hibernate: 
    drop table if exists member cascade 
Hibernate: 
    drop table if exists menu cascade 
Hibernate: 
    drop table if exists region cascade 
Hibernate: 
    drop table if exists review cascade 
Hibernate: 
    drop table if exists store cascade 
Hibernate: 
    create table coupon (
        end_date date not null,
        start_date date not null,
        status_yn char(1) default 'N' not null,
        created_at TIMESTAMP DEFAULT CURRENT_TIMESTAMP not null,
        id bigint generated by default as identity,
        member_id bigint not null,
        modify_at timestamp(6),
        store_id bigint not null,
        name varchar(50) not null,
        content varchar(100) not null,
        image_url varchar(255),
        qr_code varchar(255),
        primary key (id)
    )
Hibernate: 
    create table heart_store (
        id bigint generated by default as identity,
        member_id bigint,
        store_id bigint,
        primary key (id)
    )
Hibernate: 
    create table member (
        benefit_count integer not null,
        created_at TIMESTAMP DEFAULT CURRENT_TIMESTAMP not null,
        id bigint generated by default as identity,
        modify_at timestamp(6),
        phone_num varchar(15),
        nickname varchar(20) not null,
        name varchar(100) not null,
        password varchar(255) not null,
        profile_image varchar(255),
        role varchar(255) not null,
        type varchar(255) not null,
        primary key (id)
    )
Hibernate: 
    create table menu (
        id bigint generated by default as identity,
        name varchar(20) not null,
        primary key (id)
    )
Hibernate: 
    create table region (
        id bigint generated by default as identity,
        upper_id bigint,
        name varchar(10) not null,
        primary key (id)
    )
Hibernate: 
    create table review (
        apply_date date not null,
        created_at TIMESTAMP DEFAULT CURRENT_TIMESTAMP not null,
        id bigint generated by default as identity,
        member_id bigint,
        modify_at timestamp(6),
        store_id bigint,
        reason varchar(255),
        review_link varchar(255) not null,
        status varchar(255) not null check (status in ('SUBSCRIPTION','SCREENING','SUCCESS','FAIL')),
        primary key (id)
    )
Hibernate: 
    create table store (
        hot_yn char(1) default 'n' not null,
        review_count integer not null,
        review_span integer not null,
        created_at TIMESTAMP DEFAULT CURRENT_TIMESTAMP not null,
        id bigint generated by default as identity,
        menu_id bigint,
        modify_at timestamp(6),
        region_id bigint,
        name varchar(50) not null,
        title varchar(50) not null,
        sub_title varchar(100) not null,
        address varchar(255) not null,
        image varchar(255),
        place_info varchar(255),
        sale_info varchar(255),
        service_info varchar(255),
        spon_info varchar(255),
        use_info varchar(255),
        primary key (id)
    )
Hibernate: 
    alter table if exists coupon 
       add constraint FK97ly69kp7juvoienofq00qaph 
       foreign key (member_id) 
       references member
Hibernate: 
    alter table if exists coupon 
       add constraint FKs7yl3mm1m0o7fmn6et7guwo89 
       foreign key (store_id) 
       references store
Hibernate: 
    alter table if exists heart_store 
       add constraint FKl52t080k9nit0j3jofrgexmjd 
       foreign key (member_id) 
       references member
Hibernate: 
    alter table if exists heart_store 
       add constraint FKq376dt536pg6sdanaxjidaons 
       foreign key (store_id) 
       references store
Hibernate: 
    alter table if exists review 
       add constraint FKk0ccx5i4ci2wd70vegug074w1 
       foreign key (member_id) 
       references member
Hibernate: 
    alter table if exists review 
       add constraint FK74d12ba8sxxu9vpnc59b43y30 
       foreign key (store_id) 
       references store
Hibernate: 
    alter table if exists store 
       add constraint FKf166ddwi0pngr3lwrkskhu9au 
       foreign key (menu_id) 
       references menu
Hibernate: 
    alter table if exists store 
       add constraint FKiecbc1b9m21semcf714lasyi5 
       foreign key (region_id) 
       references region
2024-11-03T15:31:47.538+09:00  INFO 88087 --- [    Test worker] j.LocalContainerEntityManagerFactoryBean : Initialized JPA EntityManagerFactory for persistence unit 'default'
2024-11-03T15:31:47.753+09:00  INFO 88087 --- [    Test worker] c.u.t.d.s.r.StoreRepositoryTest          : Started StoreRepositoryTest in 1.234 seconds (process running for 1.672)
Hibernate: 
    select
        se1_0.id,
        se1_0.address,
        se1_0.created_at,
        se1_0.hot_yn,
        se1_0.image,
        se1_0.menu_id,
        se1_0.modify_at,
        se1_0.name,
        se1_0.place_info,
        se1_0.region_id,
        se1_0.review_count,
        se1_0.review_span,
        se1_0.sale_info,
        se1_0.service_info,
        se1_0.spon_info,
        se1_0.sub_title,
        se1_0.title,
        se1_0.use_info 
    from
        store se1_0 
    where
        se1_0.title like ? escape '\' 
        or se1_0.name like ? escape '\'
]]></system-out>
  <system-err><![CDATA[]]></system-err>
</testsuite>
