<?xml version="1.0" encoding="UTF-8"?>
<testsuite name="com.umc.ttg.domain.store.application.StoreCommandServiceImplTest" tests="4" skipped="0" failures="0" errors="0" timestamp="2024-11-02T11:27:40" hostname="onam-uiui-MacBookAir.local" time="0.001">
  <properties/>
  <testcase name="deleteHeart()" classname="com.umc.ttg.domain.store.application.StoreCommandServiceImplTest" time="0.001"/>
  <testcase name="updateStore()" classname="com.umc.ttg.domain.store.application.StoreCommandServiceImplTest" time="0.0"/>
  <testcase name="insertHeart()" classname="com.umc.ttg.domain.store.application.StoreCommandServiceImplTest" time="0.0"/>
  <testcase name="saveStore()" classname="com.umc.ttg.domain.store.application.StoreCommandServiceImplTest" time="0.0"/>
  <system-out><![CDATA[]]></system-out>
  <system-err><![CDATA[]]></system-err>
</testsuite>
