<?xml version="1.0" encoding="UTF-8"?>
<testsuite name="com.umc.ttg.domain.member.repository.HeartStoreRepositoryTest" tests="4" skipped="0" failures="0" errors="0" timestamp="2024-11-02T11:27:40" hostname="onam-uiui-MacBookAir.local" time="0.056">
  <properties/>
  <testcase name="findByMember_는_데이터가_없으면_빈_리스트를_반환한다()" classname="com.umc.ttg.domain.member.repository.HeartStoreRepositoryTest" time="0.015"/>
  <testcase name="findByMemberAndStore_는_관심상점_데이터가_없을_경우_Optional_Empty_를_반환한다()" classname="com.umc.ttg.domain.member.repository.HeartStoreRepositoryTest" time="0.011"/>
  <testcase name="findByMember_로_관심상점_리스트_데이터를_받아올_수_있다()" classname="com.umc.ttg.domain.member.repository.HeartStoreRepositoryTest" time="0.011"/>
  <testcase name="findByMemberAndStore_로_관심_상점_데이터를_가져올_수_있다()" classname="com.umc.ttg.domain.member.repository.HeartStoreRepositoryTest" time="0.008"/>
  <system-out><![CDATA[2024-11-02T20:27:40.649+09:00  INFO 80713 --- [    Test worker] t.c.s.AnnotationConfigContextLoaderUtils : Could not detect default configuration classes for test class [com.umc.ttg.domain.member.repository.HeartStoreRepositoryTest]: HeartStoreRepositoryTest does not declare any static, non-private, non-final, nested classes annotated with @Configuration.
2024-11-02T20:27:40.662+09:00  INFO 80713 --- [    Test worker] .b.t.c.SpringBootTestContextBootstrapper : Found @SpringBootConfiguration com.umc.ttg.TtgApplication for test class com.umc.ttg.domain.member.repository.HeartStoreRepositoryTest
Hibernate: 
    select
        me1_0.id,
        me1_0.benefit_count,
        me1_0.created_at,
        me1_0.modify_at,
        me1_0.name,
        me1_0.nickname,
        me1_0.password,
        me1_0.phone_num,
        me1_0.profile_image,
        me1_0.role,
        me1_0.type 
    from
        member me1_0 
    where
        me1_0.id=?
Hibernate: 
    select
        hse1_0.id,
        hse1_0.member_id,
        hse1_0.store_id 
    from
        heart_store hse1_0 
    where
        hse1_0.member_id=?
Hibernate: 
    select
        me1_0.id,
        me1_0.benefit_count,
        me1_0.created_at,
        me1_0.modify_at,
        me1_0.name,
        me1_0.nickname,
        me1_0.password,
        me1_0.phone_num,
        me1_0.profile_image,
        me1_0.role,
        me1_0.type 
    from
        member me1_0 
    where
        me1_0.id=?
Hibernate: 
    select
        se1_0.id,
        se1_0.address,
        se1_0.created_at,
        se1_0.hot_yn,
        se1_0.image,
        se1_0.menu_id,
        se1_0.modify_at,
        se1_0.name,
        se1_0.place_info,
        se1_0.region_id,
        se1_0.review_count,
        se1_0.review_span,
        se1_0.sale_info,
        se1_0.service_info,
        se1_0.spon_info,
        se1_0.sub_title,
        se1_0.title,
        se1_0.use_info 
    from
        store se1_0 
    where
        se1_0.id=?
Hibernate: 
    select
        hse1_0.id,
        hse1_0.member_id,
        hse1_0.store_id 
    from
        heart_store hse1_0 
    where
        hse1_0.member_id=? 
        and hse1_0.store_id=?
Hibernate: 
    select
        me1_0.id,
        me1_0.benefit_count,
        me1_0.created_at,
        me1_0.modify_at,
        me1_0.name,
        me1_0.nickname,
        me1_0.password,
        me1_0.phone_num,
        me1_0.profile_image,
        me1_0.role,
        me1_0.type 
    from
        member me1_0 
    where
        me1_0.id=?
Hibernate: 
    select
        hse1_0.id,
        hse1_0.member_id,
        hse1_0.store_id 
    from
        heart_store hse1_0 
    where
        hse1_0.member_id=?
Hibernate: 
    select
        me1_0.id,
        me1_0.benefit_count,
        me1_0.created_at,
        me1_0.modify_at,
        me1_0.name,
        me1_0.nickname,
        me1_0.password,
        me1_0.phone_num,
        me1_0.profile_image,
        me1_0.role,
        me1_0.type 
    from
        member me1_0 
    where
        me1_0.id=?
Hibernate: 
    select
        se1_0.id,
        se1_0.address,
        se1_0.created_at,
        se1_0.hot_yn,
        se1_0.image,
        se1_0.menu_id,
        se1_0.modify_at,
        se1_0.name,
        se1_0.place_info,
        se1_0.region_id,
        se1_0.review_count,
        se1_0.review_span,
        se1_0.sale_info,
        se1_0.service_info,
        se1_0.spon_info,
        se1_0.sub_title,
        se1_0.title,
        se1_0.use_info 
    from
        store se1_0 
    where
        se1_0.id=?
Hibernate: 
    select
        hse1_0.id,
        hse1_0.member_id,
        hse1_0.store_id 
    from
        heart_store hse1_0 
    where
        hse1_0.member_id=? 
        and hse1_0.store_id=?
]]></system-out>
  <system-err><![CDATA[]]></system-err>
</testsuite>
